This is pdfTeX, Version 3.14159265-2.6-1.40.20 (TeX Live 2019/Debian) (preloaded format=pdflatex 2020.12.8)  7 MAY 2021 10:01
entering extended mode
 restricted \write18 enabled.
 %&-line parsing enabled.
**rooney_thesis.tex
(./rooney_thesis.tex
LaTeX2e <2020-02-02> patch level 2
L3 programming layer <2020-02-14>
(/usr/share/texlive/texmf-dist/tex/latex/base/article.cls
Document Class: article 2019/12/20 v1.4l Standard LaTeX document class
(/usr/share/texlive/texmf-dist/tex/latex/base/size12.clo
File: size12.clo 2019/12/20 v1.4l Standard LaTeX file (size option)
)
\c@part=\count167
\c@section=\count168
\c@subsection=\count169
\c@subsubsection=\count170
\c@paragraph=\count171
\c@subparagraph=\count172
\c@figure=\count173
\c@table=\count174
\abovecaptionskip=\skip47
\belowcaptionskip=\skip48
\bibindent=\dimen134
)
(/usr/share/texlive/texmf-dist/tex/latex/tools/array.sty
Package: array 2019/08/31 v2.4l Tabular extension package (FMi)
\col@sep=\dimen135
\ar@mcellbox=\box45
\extrarowheight=\dimen136
\NC@list=\toks14
\extratabsurround=\skip49
\backup@length=\skip50
\ar@cellbox=\box46
)
(/usr/share/texlive/texmf-dist/tex/latex/amsmath/amsmath.sty
Package: amsmath 2020/01/20 v2.17e AMS math features
\@mathmargin=\skip51

For additional information on amsmath, use the `?' option.
(/usr/share/texlive/texmf-dist/tex/latex/amsmath/amstext.sty
Package: amstext 2000/06/29 v2.01 AMS text

(/usr/share/texlive/texmf-dist/tex/latex/amsmath/amsgen.sty
File: amsgen.sty 1999/11/30 v2.0 generic functions
\@emptytoks=\toks15
\ex@=\dimen137
))
(/usr/share/texlive/texmf-dist/tex/latex/amsmath/amsbsy.sty
Package: amsbsy 1999/11/29 v1.2d Bold Symbols
\pmbraise@=\dimen138
)
(/usr/share/texlive/texmf-dist/tex/latex/amsmath/amsopn.sty
Package: amsopn 2016/03/08 v2.02 operator names
)
\inf@bad=\count175
LaTeX Info: Redefining \frac on input line 227.
\uproot@=\count176
\leftroot@=\count177
LaTeX Info: Redefining \overline on input line 389.
\classnum@=\count178
\DOTSCASE@=\count179
LaTeX Info: Redefining \ldots on input line 486.
LaTeX Info: Redefining \dots on input line 489.
LaTeX Info: Redefining \cdots on input line 610.
\Mathstrutbox@=\box47
\strutbox@=\box48
\big@size=\dimen139
LaTeX Font Info:    Redeclaring font encoding OML on input line 733.
LaTeX Font Info:    Redeclaring font encoding OMS on input line 734.
\macc@depth=\count180
\c@MaxMatrixCols=\count181
\dotsspace@=\muskip16
\c@parentequation=\count182
\dspbrk@lvl=\count183
\tag@help=\toks16
\row@=\count184
\column@=\count185
\maxfields@=\count186
\andhelp@=\toks17
\eqnshift@=\dimen140
\alignsep@=\dimen141
\tagshift@=\dimen142
\tagwidth@=\dimen143
\totwidth@=\dimen144
\lineht@=\dimen145
\@envbody=\toks18
\multlinegap=\skip52
\multlinetaggap=\skip53
\mathdisplay@stack=\toks19
LaTeX Info: Redefining \[ on input line 2859.
LaTeX Info: Redefining \] on input line 2860.
)
(/usr/share/texlive/texmf-dist/tex/latex/graphics/graphicx.sty
Package: graphicx 2019/11/30 v1.2a Enhanced LaTeX Graphics (DPC,SPQR)

(/usr/share/texlive/texmf-dist/tex/latex/graphics/keyval.sty
Package: keyval 2014/10/28 v1.15 key=value parser (DPC)
\KV@toks@=\toks20
)
(/usr/share/texlive/texmf-dist/tex/latex/graphics/graphics.sty
Package: graphics 2019/11/30 v1.4a Standard LaTeX Graphics (DPC,SPQR)

(/usr/share/texlive/texmf-dist/tex/latex/graphics/trig.sty
Package: trig 2016/01/03 v1.10 sin cos tan (DPC)
)
(/usr/share/texlive/texmf-dist/tex/latex/graphics-cfg/graphics.cfg
File: graphics.cfg 2016/06/04 v1.11 sample graphics configuration
)
Package graphics Info: Driver file: pdftex.def on input line 105.

(/usr/share/texlive/texmf-dist/tex/latex/graphics-def/pdftex.def
File: pdftex.def 2018/01/08 v1.0l Graphics/color driver for pdftex
))
\Gin@req@height=\dimen146
\Gin@req@width=\dimen147
)
(/usr/share/texlive/texmf-dist/tex/latex/epigraph/epigraph.sty
Package: epigraph 2020/01/02 v1.5e typesetting epigraphs

(/usr/share/texlive/texmf-dist/tex/latex/nextpage/nextpage.sty
Package: nextpage 2009/09/03 v1.1a additional page commands
)
\beforeepigraphskip=\skip54
\afterepigraphskip=\skip55
\epigraphwidth=\skip56
\epigraphrule=\skip57
)
(/usr/share/texlive/texmf-dist/tex/latex/l3backend/l3backend-pdfmode.def
File: l3backend-pdfmode.def 2020-02-03 L3 backend support: PDF mode
\l__kernel_color_stack_int=\count187
\l__pdf_internal_box=\box49
)
(./rooney_thesis.aux

LaTeX Warning: Label `fig:ruthenergy' multiply defined.

)
\openout1 = `rooney_thesis.aux'.

LaTeX Font Info:    Checking defaults for OML/cmm/m/it on input line 18.
LaTeX Font Info:    ... okay on input line 18.
LaTeX Font Info:    Checking defaults for OMS/cmsy/m/n on input line 18.
LaTeX Font Info:    ... okay on input line 18.
LaTeX Font Info:    Checking defaults for OT1/cmr/m/n on input line 18.
LaTeX Font Info:    ... okay on input line 18.
LaTeX Font Info:    Checking defaults for T1/cmr/m/n on input line 18.
LaTeX Font Info:    ... okay on input line 18.
LaTeX Font Info:    Checking defaults for TS1/cmr/m/n on input line 18.
LaTeX Font Info:    ... okay on input line 18.
LaTeX Font Info:    Checking defaults for OMX/cmex/m/n on input line 18.
LaTeX Font Info:    ... okay on input line 18.
LaTeX Font Info:    Checking defaults for U/cmr/m/n on input line 18.
LaTeX Font Info:    ... okay on input line 18.
 (/usr/share/texlive/texmf-dist/tex/context/base/mkii/supp-pdf.mkii
[Loading MPS to PDF converter (version 2006.09.02).]
\scratchcounter=\count188
\scratchdimen=\dimen148
\scratchbox=\box50
\nofMPsegments=\count189
\nofMParguments=\count190
\everyMPshowfont=\toks21
\MPscratchCnt=\count191
\MPscratchDim=\dimen149
\MPnumerator=\count192
\makeMPintoPDFobject=\count193
\everyMPtoPDFconversion=\toks22
) (/usr/share/texlive/texmf-dist/tex/latex/epstopdf-pkg/epstopdf-base.sty
Package: epstopdf-base 2020-01-24 v2.11 Base part for package epstopdf
Package epstopdf-base Info: Redefining graphics rule for `.eps' on input line 4
85.

(/usr/share/texlive/texmf-dist/tex/latex/latexconfig/epstopdf-sys.cfg
File: epstopdf-sys.cfg 2010/07/13 v1.3 Configuration of (r)epstopdf for TeX Liv
e
))
<.images/gold_foil_device.png, id=1, 410.53375pt x 420.57124pt>
File: .images/gold_foil_device.png Graphic file (type png)
<use .images/gold_foil_device.png>
Package pdftex.def Info: .images/gold_foil_device.png  used on input line 60.
(pdftex.def)             Requested size: 199.16928pt x 204.03456pt.


LaTeX Warning: `h' float specifier changed to `ht'.

[1

{/var/lib/texmf/fonts/map/pdftex/updmap/pdftex.map}]

LaTeX Warning: `h' float specifier changed to `ht'.

[2 <./.images/gold_foil_device.png>] [3]
<.images/plumenergy.png, id=21, 782.925pt x 706.64pt>
File: .images/plumenergy.png Graphic file (type png)
<use .images/plumenergy.png>
Package pdftex.def Info: .images/plumenergy.png  used on input line 139.
(pdftex.def)             Requested size: 284.52756pt x 256.80547pt.
 [4 <./.images/plumenergy.png>]
[5]
Overfull \hbox (2.95853pt too wide) in paragraph at lines 200--201
[]\OT1/cmr/m/n/12 Assuming r is very small com-pared to R when the par-ti-cle s
tops, Equation9[]
 []

<.images/ruthenergy.png, id=30, 799.98875pt x 701.62125pt>
File: .images/ruthenergy.png Graphic file (type png)
<use .images/ruthenergy.png>
Package pdftex.def Info: .images/ruthenergy.png  used on input line 210.
(pdftex.def)             Requested size: 284.52756pt x 249.54298pt.
[6] [7 <./.images/ruthenergy.png>]
Overfull \hbox (6.91116pt too wide) in paragraph at lines 229--230
[]\OT1/cmr/m/n/12 In 1920 Ruther-ford made an-other dis-cov-ery fun-da-men-tal 
to nu-clear physics.
 []

[8]
<.images/mott_dirac_188mev.png, id=41, 524.96124pt x 593.21625pt>
File: .images/mott_dirac_188mev.png Graphic file (type png)
<use .images/mott_dirac_188mev.png>
Package pdftex.def Info: .images/mott_dirac_188mev.png  used on input line 262.

(pdftex.def)             Requested size: 284.52756pt x 321.52682pt.


LaTeX Warning: Reference `eq:rosenbluth' on page 9 undefined on input line 273.


[9] [10 <./.images/mott_dirac_188mev.png>] (./rooney_thesis.bbl) [11]
(./rooney_thesis.aux)

LaTeX Warning: There were undefined references.


LaTeX Warning: There were multiply-defined labels.

 ) 
Here is how much of TeX's memory you used:
 1968 strings out of 483183
 27043 string characters out of 5966292
 269025 words of memory out of 5000000
 16988 multiletter control sequences out of 15000+600000
 538671 words of font info for 46 fonts, out of 8000000 for 9000
 14 hyphenation exceptions out of 8191
 30i,12n,25p,313b,228s stack positions out of 5000i,500n,10000p,200000b,80000s
</usr/share/texlive/texmf-dist/fonts/type1/public/amsfonts/cm/cmbx12.pfb></us
r/share/texlive/texmf-dist/fonts/type1/public/amsfonts/cm/cmex10.pfb></usr/shar
e/texlive/texmf-dist/fonts/type1/public/amsfonts/cm/cmmi12.pfb></usr/share/texl
ive/texmf-dist/fonts/type1/public/amsfonts/cm/cmmi8.pfb></usr/share/texlive/tex
mf-dist/fonts/type1/public/amsfonts/cm/cmr12.pfb></usr/share/texlive/texmf-dist
/fonts/type1/public/amsfonts/cm/cmr17.pfb></usr/share/texlive/texmf-dist/fonts/
type1/public/amsfonts/cm/cmr6.pfb></usr/share/texlive/texmf-dist/fonts/type1/pu
blic/amsfonts/cm/cmr8.pfb></usr/share/texlive/texmf-dist/fonts/type1/public/ams
fonts/cm/cmsy10.pfb></usr/share/texlive/texmf-dist/fonts/type1/public/amsfonts/
cm/cmsy8.pfb></usr/share/texlive/texmf-dist/fonts/type1/public/amsfonts/cm/cmti
12.pfb>
Output written on rooney_thesis.pdf (11 pages, 389031 bytes).
PDF statistics:
 88 PDF objects out of 1000 (max. 8388607)
 59 compressed objects within 1 object stream
 0 named destinations out of 1000 (max. 500000)
 21 words of extra memory for PDF output out of 10000 (max. 10000000)

